2025-10-28 18:28:13,323 [INFO] DiagnosticadorSistema: Iniciando diagnóstico completo del sistema - 20251028_182813
2025-10-28 18:28:13,338 [INFO] DiagnosticadorSistema: === VERIFICACIÓN DE PREREQUISITOS ===
2025-10-28 18:28:13,338 [INFO] DiagnosticadorSistema: ✓ Directorio entrada_bruta existe
2025-10-28 18:28:13,339 [INFO] DiagnosticadorSistema: ✓ Directorio procesado existe
2025-10-28 18:28:13,348 [INFO] DiagnosticadorSistema: ✓ Directorio logs_sistema existe
2025-10-28 18:28:13,348 [INFO] DiagnosticadorSistema: ✓ Directorio configuracion existe
2025-10-28 18:28:13,349 [INFO] DiagnosticadorSistema: ✓ Archivo de configuración encontrado
2025-10-28 18:28:13,350 [INFO] DiagnosticadorSistema: ✓ Encontrados 24 archivos de texto en entrada_bruta
2025-10-28 18:28:13,351 [INFO] DiagnosticadorSistema: === VERIFICACIÓN COMPLETA DEL SISTEMA ===
2025-10-28 18:28:13,351 [INFO] DiagnosticadorSistema: ✓ Verificación del sistema completada exitosamente
2025-10-28 18:28:13,354 [INFO] DiagnosticadorSistema: === EJECUCIÓN DEL SISTEMA PRINCIPAL ===
2025-10-28 18:28:13,544 [DEBUG] neo4j.pool: [#0000]  _: <POOL> created, direct address IPv4Address(('172.23.111.142', 7687))
2025-10-28 18:28:13,612 [INFO] SistemaFenomenologico: Sistema inicializado con configuración cargada
2025-10-28 18:28:13,614 [INFO] DiagnosticadorSistema: Sistema inicializado correctamente
2025-10-28 18:28:13,616 [INFO] SistemaFenomenologico: Iniciando flujo completo del sistema
2025-10-28 18:28:13,730 [INFO] SistemaFenomenologico: Generadas 10 preinstancias desde análisis
2025-10-28 18:28:13,731 [INFO] SistemaFenomenologico: Generadas 10 preinstancias
2025-10-28 18:28:13,733 [INFO] SistemaFenomenologico: Creadas 10 instancias de existencia
2025-10-28 18:28:13,733 [INFO] SistemaFenomenologico: Creadas 10 instancias de existencia
2025-10-28 18:28:13,734 [INFO] SistemaFenomenologico: Evaluando necesidad de activación MDCE
2025-10-28 18:28:13,734 [ERROR] DiagnosticadorSistema: ✗ Error en ejecución del sistema: 'SistemaFenomenologicoV2' object has no attribute '_detectar_contradicciones_nivel_4'
2025-10-28 18:28:13,738 [ERROR] DiagnosticadorSistema: Traceback (most recent call last):
  File "C:\Users\Public\#...Raíz Dasein\YO estructural\verificar.py", line 126, in ejecutar_sistema_principal
    resultado = sistema.procesar_flujo_completo('entrada_bruta')
  File "C:\Users\Public\#...Raíz Dasein\YO estructural\sistema_principal_v2.py", line 165, in procesar_flujo_completo
    if self._detectar_contradicciones_nivel_4(instancias):
       ^^^^^^^^^^^^^^^^^^^^^^^^^^^^^^^^^^^^^^
AttributeError: 'SistemaFenomenologicoV2' object has no attribute '_detectar_contradicciones_nivel_4'

2025-10-28 18:28:13,830 [DEBUG] neo4j.pool: [#0000]  _: <POOL> close
