2025-10-28 20:35:28,874 [INFO] DiagnosticadorSistema: Iniciando diagnóstico completo del sistema - 20251028_203528
2025-10-28 20:35:28,875 [INFO] DiagnosticadorSistema: === VERIFICACIÓN DE PREREQUISITOS ===
2025-10-28 20:35:28,875 [INFO] DiagnosticadorSistema: ✓ Directorio entrada_bruta existe
2025-10-28 20:35:28,876 [INFO] DiagnosticadorSistema: ✓ Directorio procesado existe
2025-10-28 20:35:28,877 [INFO] DiagnosticadorSistema: ✓ Directorio logs_sistema existe
2025-10-28 20:35:28,877 [INFO] DiagnosticadorSistema: ✓ Directorio configuracion existe
2025-10-28 20:35:28,878 [INFO] DiagnosticadorSistema: ✓ Archivo de configuración encontrado
2025-10-28 20:35:28,879 [INFO] DiagnosticadorSistema: ✓ Encontrados 24 archivos de texto en entrada_bruta
2025-10-28 20:35:28,880 [INFO] DiagnosticadorSistema: === VERIFICACIÓN COMPLETA DEL SISTEMA ===
2025-10-28 20:35:28,881 [INFO] DiagnosticadorSistema: ✓ Verificación del sistema completada exitosamente
2025-10-28 20:35:28,890 [INFO] DiagnosticadorSistema: === EJECUCIÓN DEL SISTEMA PRINCIPAL ===
2025-10-28 20:35:29,021 [DEBUG] neo4j.pool: [#0000]  _: <POOL> created, direct address IPv4Address(('172.23.111.142', 7687))
2025-10-28 20:35:29,089 [INFO] SistemaFenomenologico: Sistema inicializado con configuración cargada
2025-10-28 20:35:29,091 [INFO] DiagnosticadorSistema: Sistema inicializado correctamente
2025-10-28 20:35:29,092 [INFO] SistemaFenomenologico: Iniciando flujo completo del sistema
2025-10-28 20:35:29,175 [INFO] SistemaFenomenologico: Generadas 10 preinstancias desde análisis
2025-10-28 20:35:29,175 [INFO] SistemaFenomenologico: Generadas 10 preinstancias
2025-10-28 20:35:29,176 [INFO] SistemaFenomenologico: Creadas 10 instancias de existencia
2025-10-28 20:35:29,176 [INFO] SistemaFenomenologico: Creadas 10 instancias de existencia
2025-10-28 20:35:29,178 [INFO] SistemaFenomenologico: Evaluando necesidad de activación MDCE
2025-10-28 20:35:29,178 [INFO] SistemaFenomenologico: Analizando contradicciones de 4º orden
2025-10-28 20:35:29,179 [INFO] SistemaFenomenologico: No se detectaron contradicciones de 4º orden
2025-10-28 20:35:29,179 [INFO] SistemaFenomenologico: Calculando gradientes para 10 instancias
2025-10-28 20:35:29,191 [INFO] SistemaFenomenologico: Gradientes relacionales calculados exitosamente
2025-10-28 20:35:29,193 [INFO] SistemaFenomenologico: Iniciando detección de vohexistencias para 10 instancias
2025-10-28 20:35:29,211 [INFO] SistemaFenomenologico: Detectadas 0 vohexistencias
2025-10-28 20:35:29,211 [ERROR] DiagnosticadorSistema: ✗ Error en ejecución del sistema: 'SistemaFenomenologicoV2' object has no attribute '_extraer_contextos_activos'
2025-10-28 20:35:29,218 [ERROR] DiagnosticadorSistema: Traceback (most recent call last):
  File "C:\Users\Public\#...Raíz Dasein\YO estructural\verificar.py", line 126, in ejecutar_sistema_principal
    resultado = sistema.procesar_flujo_completo('entrada_bruta')
  File "C:\Users\Public\#...Raíz Dasein\YO estructural\sistema_principal_v2.py", line 180, in procesar_flujo_completo
    contextos_activos = self._extraer_contextos_activos()
                        ^^^^^^^^^^^^^^^^^^^^^^^^^^^^^^^
AttributeError: 'SistemaFenomenologicoV2' object has no attribute '_extraer_contextos_activos'

2025-10-28 20:35:29,498 [DEBUG] neo4j.pool: [#0000]  _: <POOL> close
