2025-10-28 19:17:44,461 [INFO] DiagnosticadorSistema: Iniciando diagnóstico completo del sistema - 20251028_191744
2025-10-28 19:17:44,462 [INFO] DiagnosticadorSistema: === VERIFICACIÓN DE PREREQUISITOS ===
2025-10-28 19:17:44,462 [INFO] DiagnosticadorSistema: ✓ Directorio entrada_bruta existe
2025-10-28 19:17:44,465 [INFO] DiagnosticadorSistema: ✓ Directorio procesado existe
2025-10-28 19:17:44,465 [INFO] DiagnosticadorSistema: ✓ Directorio logs_sistema existe
2025-10-28 19:17:44,466 [INFO] DiagnosticadorSistema: ✓ Directorio configuracion existe
2025-10-28 19:17:44,471 [INFO] DiagnosticadorSistema: ✓ Archivo de configuración encontrado
2025-10-28 19:17:44,472 [INFO] DiagnosticadorSistema: ✓ Encontrados 24 archivos de texto en entrada_bruta
2025-10-28 19:17:44,490 [INFO] DiagnosticadorSistema: === VERIFICACIÓN COMPLETA DEL SISTEMA ===
2025-10-28 19:17:44,496 [INFO] DiagnosticadorSistema: ✓ Verificación del sistema completada exitosamente
2025-10-28 19:17:44,513 [INFO] DiagnosticadorSistema: === EJECUCIÓN DEL SISTEMA PRINCIPAL ===
2025-10-28 19:17:44,651 [DEBUG] neo4j.pool: [#0000]  _: <POOL> created, direct address IPv4Address(('172.23.111.142', 7687))
2025-10-28 19:17:44,721 [INFO] SistemaFenomenologico: Sistema inicializado con configuración cargada
2025-10-28 19:17:44,722 [INFO] DiagnosticadorSistema: Sistema inicializado correctamente
2025-10-28 19:17:44,724 [INFO] SistemaFenomenologico: Iniciando flujo completo del sistema
2025-10-28 19:17:44,811 [INFO] SistemaFenomenologico: Generadas 10 preinstancias desde análisis
2025-10-28 19:17:44,812 [INFO] SistemaFenomenologico: Generadas 10 preinstancias
2025-10-28 19:17:44,813 [INFO] SistemaFenomenologico: Creadas 10 instancias de existencia
2025-10-28 19:17:44,814 [INFO] SistemaFenomenologico: Creadas 10 instancias de existencia
2025-10-28 19:17:44,815 [INFO] SistemaFenomenologico: Evaluando necesidad de activación MDCE
2025-10-28 19:17:44,816 [INFO] SistemaFenomenologico: Analizando contradicciones de 4º orden
2025-10-28 19:17:44,817 [INFO] SistemaFenomenologico: No se detectaron contradicciones de 4º orden
2025-10-28 19:17:44,818 [ERROR] DiagnosticadorSistema: ✗ Error en ejecución del sistema: 'SistemaFenomenologicoV2' object has no attribute '_calcular_gradientes_instancias'
2025-10-28 19:17:44,821 [ERROR] DiagnosticadorSistema: Traceback (most recent call last):
  File "C:\Users\Public\#...Raíz Dasein\YO estructural\verificar.py", line 126, in ejecutar_sistema_principal
    resultado = sistema.procesar_flujo_completo('entrada_bruta')
  File "C:\Users\Public\#...Raíz Dasein\YO estructural\sistema_principal_v2.py", line 172, in procesar_flujo_completo
    self._calcular_gradientes_instancias(instancias)
    ^^^^^^^^^^^^^^^^^^^^^^^^^^^^^^^^^^^^
AttributeError: 'SistemaFenomenologicoV2' object has no attribute '_calcular_gradientes_instancias'

2025-10-28 19:17:44,958 [DEBUG] neo4j.pool: [#0000]  _: <POOL> close
