2025-10-28 19:41:29,002 [INFO] DiagnosticadorSistema: Iniciando diagnóstico completo del sistema - 20251028_194128
2025-10-28 19:41:29,003 [INFO] DiagnosticadorSistema: === VERIFICACIÓN DE PREREQUISITOS ===
2025-10-28 19:41:29,006 [INFO] DiagnosticadorSistema: ✓ Directorio entrada_bruta existe
2025-10-28 19:41:29,007 [INFO] DiagnosticadorSistema: ✓ Directorio procesado existe
2025-10-28 19:41:29,007 [INFO] DiagnosticadorSistema: ✓ Directorio logs_sistema existe
2025-10-28 19:41:29,038 [INFO] DiagnosticadorSistema: ✓ Directorio configuracion existe
2025-10-28 19:41:29,040 [INFO] DiagnosticadorSistema: ✓ Archivo de configuración encontrado
2025-10-28 19:41:29,042 [INFO] DiagnosticadorSistema: ✓ Encontrados 24 archivos de texto en entrada_bruta
2025-10-28 19:41:29,043 [INFO] DiagnosticadorSistema: === VERIFICACIÓN COMPLETA DEL SISTEMA ===
2025-10-28 19:41:29,043 [INFO] DiagnosticadorSistema: ✓ Verificación del sistema completada exitosamente
2025-10-28 19:41:29,045 [INFO] DiagnosticadorSistema: === EJECUCIÓN DEL SISTEMA PRINCIPAL ===
2025-10-28 19:41:29,175 [DEBUG] neo4j.pool: [#0000]  _: <POOL> created, direct address IPv4Address(('172.23.111.142', 7687))
2025-10-28 19:41:29,234 [INFO] SistemaFenomenologico: Sistema inicializado con configuración cargada
2025-10-28 19:41:29,234 [INFO] DiagnosticadorSistema: Sistema inicializado correctamente
2025-10-28 19:41:29,236 [INFO] SistemaFenomenologico: Iniciando flujo completo del sistema
2025-10-28 19:41:29,323 [INFO] SistemaFenomenologico: Generadas 10 preinstancias desde análisis
2025-10-28 19:41:29,324 [INFO] SistemaFenomenologico: Generadas 10 preinstancias
2025-10-28 19:41:29,324 [INFO] SistemaFenomenologico: Creadas 10 instancias de existencia
2025-10-28 19:41:29,324 [INFO] SistemaFenomenologico: Creadas 10 instancias de existencia
2025-10-28 19:41:29,325 [INFO] SistemaFenomenologico: Evaluando necesidad de activación MDCE
2025-10-28 19:41:29,325 [INFO] SistemaFenomenologico: Analizando contradicciones de 4º orden
2025-10-28 19:41:29,325 [INFO] SistemaFenomenologico: No se detectaron contradicciones de 4º orden
2025-10-28 19:41:29,326 [INFO] SistemaFenomenologico: Calculando gradientes para 10 instancias
2025-10-28 19:41:29,327 [ERROR] DiagnosticadorSistema: ✗ Error en ejecución del sistema: name 'datetime' is not defined
2025-10-28 19:41:29,332 [ERROR] DiagnosticadorSistema: Traceback (most recent call last):
  File "C:\Users\Public\#...Raíz Dasein\YO estructural\verificar.py", line 126, in ejecutar_sistema_principal
    resultado = sistema.procesar_flujo_completo('entrada_bruta')
  File "C:\Users\Public\#...Raíz Dasein\YO estructural\sistema_principal_v2.py", line 172, in procesar_flujo_completo
    self._calcular_gradientes_instancias(instancias)
    ~~~~~~~~~~~~~~~~~~~~~~~~~~~~~~~~~~~~^^^^^^^^^^^^
  File "C:\Users\Public\#...Raíz Dasein\YO estructural\sistema_principal_v2.py", line 413, in _calcular_gradientes_instancias
    gradientes = self.sistema_gradientes.calcular_gradientes(
        instancia.propiedades,
        instancia.timestamp
    )
  File "C:\Users\Public\#...Raíz Dasein\YO estructural\gradient_system_enhanced.py", line 188, in calcular_gradientes
    info_gradientes = self.get_all_gradients_for_node(concept_id)
  File "C:\Users\Public\#...Raíz Dasein\YO estructural\gradient_system_enhanced.py", line 69, in get_all_gradients_for_node
    "timestamp_consulta": datetime.now().isoformat()
                          ^^^^^^^^
NameError: name 'datetime' is not defined. Did you forget to import 'datetime'?

2025-10-28 19:41:29,416 [DEBUG] neo4j.pool: [#0000]  _: <POOL> close
