2025-10-28 18:07:55,774 [INFO] DiagnosticadorSistema: Iniciando diagnóstico completo del sistema - 20251028_180755
2025-10-28 18:07:55,775 [INFO] DiagnosticadorSistema: === VERIFICACIÓN DE PREREQUISITOS ===
2025-10-28 18:07:55,775 [INFO] DiagnosticadorSistema: ✓ Directorio entrada_bruta existe
2025-10-28 18:07:55,776 [INFO] DiagnosticadorSistema: ✓ Directorio procesado existe
2025-10-28 18:07:55,777 [INFO] DiagnosticadorSistema: ✓ Directorio logs_sistema existe
2025-10-28 18:07:55,777 [INFO] DiagnosticadorSistema: ✓ Directorio configuracion existe
2025-10-28 18:07:55,777 [INFO] DiagnosticadorSistema: ✓ Archivo de configuración encontrado
2025-10-28 18:07:55,781 [INFO] DiagnosticadorSistema: ✓ Encontrados 24 archivos de texto en entrada_bruta
2025-10-28 18:07:55,781 [INFO] DiagnosticadorSistema: === VERIFICACIÓN COMPLETA DEL SISTEMA ===
2025-10-28 18:07:55,781 [INFO] DiagnosticadorSistema: ✓ Verificación del sistema completada exitosamente
2025-10-28 18:07:55,782 [INFO] DiagnosticadorSistema: === EJECUCIÓN DEL SISTEMA PRINCIPAL ===
2025-10-28 18:07:55,898 [DEBUG] neo4j.pool: [#0000]  _: <POOL> created, direct address IPv4Address(('172.23.111.142', 7687))
2025-10-28 18:07:55,955 [INFO] SistemaFenomenologico: Sistema inicializado con configuración cargada
2025-10-28 18:07:55,957 [INFO] DiagnosticadorSistema: Sistema inicializado correctamente
2025-10-28 18:07:55,958 [INFO] SistemaFenomenologico: Iniciando flujo completo del sistema
2025-10-28 18:07:56,056 [INFO] SistemaFenomenologico: Generadas 10 preinstancias
2025-10-28 18:07:56,056 [ERROR] DiagnosticadorSistema: ✗ Error en ejecución del sistema: 'SistemaFenomenologicoV2' object has no attribute '_crear_instancias_desde_preinstancias'
2025-10-28 18:07:56,059 [ERROR] DiagnosticadorSistema: Traceback (most recent call last):
  File "C:\Users\Public\#...Raíz Dasein\YO estructural\verificar.py", line 126, in ejecutar_sistema_principal
    resultado = sistema.procesar_flujo_completo('entrada_bruta')
  File "C:\Users\Public\#...Raíz Dasein\YO estructural\sistema_principal_v2.py", line 160, in procesar_flujo_completo
    instancias = self._crear_instancias_desde_preinstancias(preinstancias)
                 ^^^^^^^^^^^^^^^^^^^^^^^^^^^^^^^^^^^^^^^^^^
AttributeError: 'SistemaFenomenologicoV2' object has no attribute '_crear_instancias_desde_preinstancias'

2025-10-28 18:07:56,141 [DEBUG] neo4j.pool: [#0000]  _: <POOL> close
