2025-10-29 06:15:14,312 [INFO] DiagnosticadorSistema: Iniciando diagnóstico completo del sistema - 20251029_061514
2025-10-29 06:15:14,315 [INFO] DiagnosticadorSistema: === VERIFICACIÓN DE PREREQUISITOS ===
2025-10-29 06:15:14,317 [INFO] DiagnosticadorSistema: ✓ Directorio entrada_bruta existe
2025-10-29 06:15:14,319 [INFO] DiagnosticadorSistema: ✓ Directorio procesado existe
2025-10-29 06:15:14,321 [INFO] DiagnosticadorSistema: ✓ Directorio logs_sistema existe
2025-10-29 06:15:14,323 [INFO] DiagnosticadorSistema: ✓ Directorio configuracion existe
2025-10-29 06:15:14,326 [INFO] DiagnosticadorSistema: ✓ Archivo de configuración encontrado
2025-10-29 06:15:14,339 [INFO] DiagnosticadorSistema: ✓ Encontrados 24 archivos de texto en entrada_bruta
2025-10-29 06:15:14,350 [INFO] DiagnosticadorSistema: === VERIFICACIÓN COMPLETA DEL SISTEMA ===
2025-10-29 06:15:14,369 [INFO] DiagnosticadorSistema: ✓ Verificación del sistema completada exitosamente
2025-10-29 06:15:14,384 [INFO] DiagnosticadorSistema: === EJECUCIÓN DEL SISTEMA PRINCIPAL ===
2025-10-29 06:15:14,551 [DEBUG] neo4j.pool: [#0000]  _: <POOL> created, direct address IPv4Address(('172.23.111.142', 7687))
2025-10-29 06:15:14,622 [INFO] SistemaFenomenologico: Sistema inicializado con configuración cargada
2025-10-29 06:15:14,624 [INFO] DiagnosticadorSistema: Sistema inicializado correctamente
2025-10-29 06:15:14,629 [INFO] SistemaFenomenologico: Iniciando flujo completo del sistema
2025-10-29 06:15:14,714 [INFO] SistemaFenomenologico: Generadas 10 preinstancias desde análisis
2025-10-29 06:15:14,720 [INFO] SistemaFenomenologico: Generadas 10 preinstancias
2025-10-29 06:15:14,731 [INFO] SistemaFenomenologico: Creadas 10 instancias de existencia
2025-10-29 06:15:14,738 [INFO] SistemaFenomenologico: Creadas 10 instancias de existencia
2025-10-29 06:15:14,745 [INFO] SistemaFenomenologico: Evaluando necesidad de activación MDCE
2025-10-29 06:15:14,751 [INFO] SistemaFenomenologico: Analizando contradicciones de 4º orden
2025-10-29 06:15:14,766 [INFO] SistemaFenomenologico: No se detectaron contradicciones de 4º orden
2025-10-29 06:15:14,775 [INFO] SistemaFenomenologico: Calculando gradientes para 10 instancias
2025-10-29 06:15:14,798 [INFO] SistemaFenomenologico: Gradientes relacionales calculados exitosamente
2025-10-29 06:15:14,802 [INFO] SistemaFenomenologico: Iniciando detección de vohexistencias para 10 instancias
2025-10-29 06:15:14,816 [INFO] SistemaFenomenologico: Detectadas 0 vohexistencias
2025-10-29 06:15:14,825 [ERROR] DiagnosticadorSistema: ✗ Error en ejecución del sistema: 'SistemaYoEmergente' object has no attribute 'neo4j_driver'
2025-10-29 06:15:14,832 [ERROR] DiagnosticadorSistema: Traceback (most recent call last):
  File "C:\Users\Public\#...Raíz Dasein\YO estructural\verificar.py", line 126, in ejecutar_sistema_principal
    resultado = sistema.procesar_flujo_completo('entrada_bruta')
  File "C:\Users\Public\#...Raíz Dasein\YO estructural\sistema_principal_v2.py", line 187, in procesar_flujo_completo
    emergencia_detectada = self.motor_yo.evaluar_emergencia(contextos_activos, fenomenos_activos)
  File "C:\Users\Public\#...Raíz Dasein\YO estructural\motor_yo\sistema_yo_emergente.py", line 499, in evaluar_emergencia
    contradicciones = self.detectar_contradicciones()
  File "C:\Users\Public\#...Raíz Dasein\YO estructural\motor_yo\sistema_yo_emergente.py", line 254, in detectar_contradicciones
    return self.evaluar_contradicciones(self.estado_actual.__dict__)
           ~~~~~~~~~~~~~~~~~~~~~~~~~~~~^^^^^^^^^^^^^^^^^^^^^^^^^^^^^
  File "C:\Users\Public\#...Raíz Dasein\YO estructural\motor_yo\sistema_yo_emergente.py", line 477, in evaluar_contradicciones
    self.sincronizar_con_neo4j()
    ~~~~~~~~~~~~~~~~~~~~~~~~~~^^
  File "C:\Users\Public\#...Raíz Dasein\YO estructural\motor_yo\sistema_yo_emergente.py", line 375, in sincronizar_con_neo4j
    with self.neo4j_driver.session() as session:
         ^^^^^^^^^^^^^^^^^
AttributeError: 'SistemaYoEmergente' object has no attribute 'neo4j_driver'

2025-10-29 06:15:14,929 [DEBUG] neo4j.pool: [#0000]  _: <POOL> close
