2025-10-28 17:13:43,548 [INFO] DiagnosticadorSistema: Iniciando diagnóstico completo del sistema - 20251028_171343
2025-10-28 17:13:43,552 [INFO] DiagnosticadorSistema: === VERIFICACIÓN DE PREREQUISITOS ===
2025-10-28 17:13:43,553 [INFO] DiagnosticadorSistema: ✓ Directorio entrada_bruta existe
2025-10-28 17:13:43,554 [INFO] DiagnosticadorSistema: ✓ Directorio procesado existe
2025-10-28 17:13:43,560 [INFO] DiagnosticadorSistema: ✓ Directorio logs_sistema existe
2025-10-28 17:13:43,562 [INFO] DiagnosticadorSistema: ✓ Directorio configuracion existe
2025-10-28 17:13:43,566 [INFO] DiagnosticadorSistema: ✓ Archivo de configuración encontrado
2025-10-28 17:13:43,571 [INFO] DiagnosticadorSistema: ✓ Encontrados 24 archivos de texto en entrada_bruta
2025-10-28 17:13:43,581 [INFO] DiagnosticadorSistema: === VERIFICACIÓN COMPLETA DEL SISTEMA ===
2025-10-28 17:13:43,587 [ERROR] DiagnosticadorSistema: ✗ Error en verificación del sistema: name 'verificar_sistema' is not defined
2025-10-28 17:13:43,600 [INFO] DiagnosticadorSistema: === EJECUCIÓN DEL SISTEMA PRINCIPAL ===
2025-10-28 17:13:43,758 [DEBUG] neo4j.pool: [#0000]  _: <POOL> created, direct address IPv4Address(('172.23.111.142', 7687))
2025-10-28 17:13:43,818 [INFO] SistemaFenomenologico: Sistema inicializado con configuración cargada
2025-10-28 17:13:43,818 [INFO] DiagnosticadorSistema: Sistema inicializado correctamente
2025-10-28 17:13:43,824 [INFO] SistemaFenomenologico: Iniciando flujo completo del sistema
2025-10-28 17:13:43,832 [ERROR] DiagnosticadorSistema: ✗ Error en ejecución del sistema: 'ProcesadorFenomenologico' object has no attribute '_calcular_metricas'
2025-10-28 17:13:43,847 [ERROR] DiagnosticadorSistema: Traceback (most recent call last):
  File "C:\Users\Public\#...Raíz Dasein\YO estructural\verificar.py", line 119, in ejecutar_sistema_principal
    resultado = sistema.procesar_flujo_completo('entrada_bruta')
  File "C:\Users\Public\#...Raíz Dasein\YO estructural\sistema_principal_v2.py", line 148, in procesar_flujo_completo
    analisis_textos = self.procesador_textos.procesar_directorio(
        ruta_datos_entrada,
        self.config['rutas']['logs']
    )
  File "C:\Users\Public\#...Raíz Dasein\YO estructural\analizador_textos\procesador_fenomenologico.py", line 138, in procesar_directorio
    resultado = self.procesar_archivo(ruta_completa)
  File "C:\Users\Public\#...Raíz Dasein\YO estructural\analizador_textos\procesador_fenomenologico.py", line 84, in procesar_archivo
    "metricas": self._calcular_metricas(patrones_detectados, apariciones_yo)
                ^^^^^^^^^^^^^^^^^^^^^^^
AttributeError: 'ProcesadorFenomenologico' object has no attribute '_calcular_metricas'

2025-10-28 17:13:43,979 [DEBUG] neo4j.pool: [#0000]  _: <POOL> close
