2025-10-28 20:42:50,690 [INFO] DiagnosticadorSistema: Iniciando diagnóstico completo del sistema - 20251028_204250
2025-10-28 20:42:50,691 [INFO] DiagnosticadorSistema: === VERIFICACIÓN DE PREREQUISITOS ===
2025-10-28 20:42:50,691 [INFO] DiagnosticadorSistema: ✓ Directorio entrada_bruta existe
2025-10-28 20:42:50,692 [INFO] DiagnosticadorSistema: ✓ Directorio procesado existe
2025-10-28 20:42:50,692 [INFO] DiagnosticadorSistema: ✓ Directorio logs_sistema existe
2025-10-28 20:42:50,692 [INFO] DiagnosticadorSistema: ✓ Directorio configuracion existe
2025-10-28 20:42:50,693 [INFO] DiagnosticadorSistema: ✓ Archivo de configuración encontrado
2025-10-28 20:42:50,693 [INFO] DiagnosticadorSistema: ✓ Encontrados 24 archivos de texto en entrada_bruta
2025-10-28 20:42:50,694 [INFO] DiagnosticadorSistema: === VERIFICACIÓN COMPLETA DEL SISTEMA ===
2025-10-28 20:42:50,694 [INFO] DiagnosticadorSistema: ✓ Verificación del sistema completada exitosamente
2025-10-28 20:42:50,695 [INFO] DiagnosticadorSistema: === EJECUCIÓN DEL SISTEMA PRINCIPAL ===
2025-10-28 20:42:50,863 [DEBUG] neo4j.pool: [#0000]  _: <POOL> created, direct address IPv4Address(('172.23.111.142', 7687))
2025-10-28 20:42:50,920 [INFO] SistemaFenomenologico: Sistema inicializado con configuración cargada
2025-10-28 20:42:50,922 [INFO] DiagnosticadorSistema: Sistema inicializado correctamente
2025-10-28 20:42:50,923 [INFO] SistemaFenomenologico: Iniciando flujo completo del sistema
2025-10-28 20:42:51,016 [INFO] SistemaFenomenologico: Generadas 10 preinstancias desde análisis
2025-10-28 20:42:51,017 [INFO] SistemaFenomenologico: Generadas 10 preinstancias
2025-10-28 20:42:51,017 [INFO] SistemaFenomenologico: Creadas 10 instancias de existencia
2025-10-28 20:42:51,018 [INFO] SistemaFenomenologico: Creadas 10 instancias de existencia
2025-10-28 20:42:51,018 [INFO] SistemaFenomenologico: Evaluando necesidad de activación MDCE
2025-10-28 20:42:51,018 [INFO] SistemaFenomenologico: Analizando contradicciones de 4º orden
2025-10-28 20:42:51,019 [INFO] SistemaFenomenologico: No se detectaron contradicciones de 4º orden
2025-10-28 20:42:51,019 [INFO] SistemaFenomenologico: Calculando gradientes para 10 instancias
2025-10-28 20:42:51,031 [INFO] SistemaFenomenologico: Gradientes relacionales calculados exitosamente
2025-10-28 20:42:51,031 [INFO] SistemaFenomenologico: Iniciando detección de vohexistencias para 10 instancias
2025-10-28 20:42:51,038 [INFO] SistemaFenomenologico: Detectadas 0 vohexistencias
2025-10-28 20:42:51,048 [ERROR] DiagnosticadorSistema: ✗ Error en ejecución del sistema: 'SistemaFenomenologicoV2' object has no attribute 'instancias_activas'
2025-10-28 20:42:51,054 [ERROR] DiagnosticadorSistema: Traceback (most recent call last):
  File "C:\Users\Public\#...Raíz Dasein\YO estructural\verificar.py", line 126, in ejecutar_sistema_principal
    resultado = sistema.procesar_flujo_completo('entrada_bruta')
  File "C:\Users\Public\#...Raíz Dasein\YO estructural\sistema_principal_v2.py", line 180, in procesar_flujo_completo
    contextos_activos = self._extraer_contextos_activos()
  File "C:\Users\Public\#...Raíz Dasein\YO estructural\sistema_principal_v2.py", line 510, in _extraer_contextos_activos
    for instancia in self.instancias:
                     ^^^^^^^^^^^^^^^^
AttributeError: 'SistemaFenomenologicoV2' object has no attribute 'instancias_activas'

2025-10-28 20:42:51,143 [DEBUG] neo4j.pool: [#0000]  _: <POOL> close
