2025-10-28 19:39:06,576 [INFO] DiagnosticadorSistema: Iniciando diagnóstico completo del sistema - 20251028_193906
2025-10-28 19:39:06,577 [INFO] DiagnosticadorSistema: === VERIFICACIÓN DE PREREQUISITOS ===
2025-10-28 19:39:06,577 [INFO] DiagnosticadorSistema: ✓ Directorio entrada_bruta existe
2025-10-28 19:39:06,578 [INFO] DiagnosticadorSistema: ✓ Directorio procesado existe
2025-10-28 19:39:06,578 [INFO] DiagnosticadorSistema: ✓ Directorio logs_sistema existe
2025-10-28 19:39:06,578 [INFO] DiagnosticadorSistema: ✓ Directorio configuracion existe
2025-10-28 19:39:06,578 [INFO] DiagnosticadorSistema: ✓ Archivo de configuración encontrado
2025-10-28 19:39:06,579 [INFO] DiagnosticadorSistema: ✓ Encontrados 24 archivos de texto en entrada_bruta
2025-10-28 19:39:06,580 [INFO] DiagnosticadorSistema: === VERIFICACIÓN COMPLETA DEL SISTEMA ===
2025-10-28 19:39:06,580 [INFO] DiagnosticadorSistema: ✓ Verificación del sistema completada exitosamente
2025-10-28 19:39:06,580 [INFO] DiagnosticadorSistema: === EJECUCIÓN DEL SISTEMA PRINCIPAL ===
2025-10-28 19:39:06,826 [DEBUG] neo4j.pool: [#0000]  _: <POOL> created, direct address IPv4Address(('172.23.111.142', 7687))
2025-10-28 19:39:06,934 [INFO] SistemaFenomenologico: Sistema inicializado con configuración cargada
2025-10-28 19:39:06,939 [INFO] DiagnosticadorSistema: Sistema inicializado correctamente
2025-10-28 19:39:06,939 [INFO] SistemaFenomenologico: Iniciando flujo completo del sistema
2025-10-28 19:39:07,034 [INFO] SistemaFenomenologico: Generadas 10 preinstancias desde análisis
2025-10-28 19:39:07,034 [INFO] SistemaFenomenologico: Generadas 10 preinstancias
2025-10-28 19:39:07,035 [INFO] SistemaFenomenologico: Creadas 10 instancias de existencia
2025-10-28 19:39:07,035 [INFO] SistemaFenomenologico: Creadas 10 instancias de existencia
2025-10-28 19:39:07,036 [INFO] SistemaFenomenologico: Evaluando necesidad de activación MDCE
2025-10-28 19:39:07,036 [INFO] SistemaFenomenologico: Analizando contradicciones de 4º orden
2025-10-28 19:39:07,037 [INFO] SistemaFenomenologico: No se detectaron contradicciones de 4º orden
2025-10-28 19:39:07,037 [INFO] SistemaFenomenologico: Calculando gradientes para 10 instancias
2025-10-28 19:39:07,037 [ERROR] DiagnosticadorSistema: ✗ Error en ejecución del sistema: VohexGradientSystem.calcular_gradientes() takes 2 positional arguments but 3 were given
2025-10-28 19:39:07,040 [ERROR] DiagnosticadorSistema: Traceback (most recent call last):
  File "C:\Users\Public\#...Raíz Dasein\YO estructural\verificar.py", line 126, in ejecutar_sistema_principal
    resultado = sistema.procesar_flujo_completo('entrada_bruta')
  File "C:\Users\Public\#...Raíz Dasein\YO estructural\sistema_principal_v2.py", line 172, in procesar_flujo_completo
    self._calcular_gradientes_instancias(instancias)
    ~~~~~~~~~~~~~~~~~~~~~~~~~~~~~~~~~~~~^^^^^^^^^^^^
  File "C:\Users\Public\#...Raíz Dasein\YO estructural\sistema_principal_v2.py", line 413, in _calcular_gradientes_instancias
    gradientes = self.sistema_gradientes.calcular_gradientes(
        instancia.propiedades,
        instancia.timestamp
    )
TypeError: VohexGradientSystem.calcular_gradientes() takes 2 positional arguments but 3 were given

2025-10-28 19:39:07,412 [DEBUG] neo4j.pool: [#0000]  _: <POOL> close
