2025-10-28 20:15:11,679 [INFO] DiagnosticadorSistema: Iniciando diagnóstico completo del sistema - 20251028_201511
2025-10-28 20:15:11,680 [INFO] DiagnosticadorSistema: === VERIFICACIÓN DE PREREQUISITOS ===
2025-10-28 20:15:11,680 [INFO] DiagnosticadorSistema: ✓ Directorio entrada_bruta existe
2025-10-28 20:15:11,681 [INFO] DiagnosticadorSistema: ✓ Directorio procesado existe
2025-10-28 20:15:11,682 [INFO] DiagnosticadorSistema: ✓ Directorio logs_sistema existe
2025-10-28 20:15:11,682 [INFO] DiagnosticadorSistema: ✓ Directorio configuracion existe
2025-10-28 20:15:11,682 [INFO] DiagnosticadorSistema: ✓ Archivo de configuración encontrado
2025-10-28 20:15:11,684 [INFO] DiagnosticadorSistema: ✓ Encontrados 24 archivos de texto en entrada_bruta
2025-10-28 20:15:11,686 [INFO] DiagnosticadorSistema: === VERIFICACIÓN COMPLETA DEL SISTEMA ===
2025-10-28 20:15:11,687 [INFO] DiagnosticadorSistema: ✓ Verificación del sistema completada exitosamente
2025-10-28 20:15:11,688 [INFO] DiagnosticadorSistema: === EJECUCIÓN DEL SISTEMA PRINCIPAL ===
2025-10-28 20:15:11,820 [DEBUG] neo4j.pool: [#0000]  _: <POOL> created, direct address IPv4Address(('172.23.111.142', 7687))
2025-10-28 20:15:11,919 [INFO] SistemaFenomenologico: Sistema inicializado con configuración cargada
2025-10-28 20:15:11,920 [INFO] DiagnosticadorSistema: Sistema inicializado correctamente
2025-10-28 20:15:11,922 [INFO] SistemaFenomenologico: Iniciando flujo completo del sistema
2025-10-28 20:15:12,004 [INFO] SistemaFenomenologico: Generadas 10 preinstancias desde análisis
2025-10-28 20:15:12,005 [INFO] SistemaFenomenologico: Generadas 10 preinstancias
2025-10-28 20:15:12,007 [INFO] SistemaFenomenologico: Creadas 10 instancias de existencia
2025-10-28 20:15:12,008 [INFO] SistemaFenomenologico: Creadas 10 instancias de existencia
2025-10-28 20:15:12,009 [INFO] SistemaFenomenologico: Evaluando necesidad de activación MDCE
2025-10-28 20:15:12,009 [INFO] SistemaFenomenologico: Analizando contradicciones de 4º orden
2025-10-28 20:15:12,010 [INFO] SistemaFenomenologico: No se detectaron contradicciones de 4º orden
2025-10-28 20:15:12,011 [INFO] SistemaFenomenologico: Calculando gradientes para 10 instancias
2025-10-28 20:15:12,019 [INFO] SistemaFenomenologico: Gradientes relacionales calculados exitosamente
2025-10-28 20:15:12,021 [INFO] SistemaFenomenologico: Iniciando detección de vohexistencias para 10 instancias
2025-10-28 20:15:12,037 [INFO] SistemaFenomenologico: Detectadas 0 vohexistencias
2025-10-28 20:15:12,039 [ERROR] DiagnosticadorSistema: ✗ Error en ejecución del sistema: 'SistemaFenomenologicoV2' object has no attribute '_extraer_contextos_activos'
2025-10-28 20:15:12,047 [ERROR] DiagnosticadorSistema: Traceback (most recent call last):
  File "C:\Users\Public\#...Raíz Dasein\YO estructural\verificar.py", line 126, in ejecutar_sistema_principal
    resultado = sistema.procesar_flujo_completo('entrada_bruta')
  File "C:\Users\Public\#...Raíz Dasein\YO estructural\sistema_principal_v2.py", line 180, in procesar_flujo_completo
    contextos_activos = self._extraer_contextos_activos()
                        ^^^^^^^^^^^^^^^^^^^^^^^^^^^^^^^
AttributeError: 'SistemaFenomenologicoV2' object has no attribute '_extraer_contextos_activos'

2025-10-28 20:15:12,146 [DEBUG] neo4j.pool: [#0000]  _: <POOL> close
