2025-10-28 17:41:34,692 [INFO] DiagnosticadorSistema: Iniciando diagnóstico completo del sistema - 20251028_174134
2025-10-28 17:41:34,698 [INFO] DiagnosticadorSistema: === VERIFICACIÓN DE PREREQUISITOS ===
2025-10-28 17:41:34,705 [INFO] DiagnosticadorSistema: ✓ Directorio entrada_bruta existe
2025-10-28 17:41:34,714 [INFO] DiagnosticadorSistema: ✓ Directorio procesado existe
2025-10-28 17:41:34,717 [INFO] DiagnosticadorSistema: ✓ Directorio logs_sistema existe
2025-10-28 17:41:34,720 [INFO] DiagnosticadorSistema: ✓ Directorio configuracion existe
2025-10-28 17:41:34,723 [INFO] DiagnosticadorSistema: ✓ Archivo de configuración encontrado
2025-10-28 17:41:34,743 [INFO] DiagnosticadorSistema: ✓ Encontrados 24 archivos de texto en entrada_bruta
2025-10-28 17:41:34,768 [INFO] DiagnosticadorSistema: === VERIFICACIÓN COMPLETA DEL SISTEMA ===
2025-10-28 17:41:34,770 [ERROR] DiagnosticadorSistema: ✗ Error en verificación del sistema: name 'verificar_sistema' is not defined
2025-10-28 17:41:34,775 [INFO] DiagnosticadorSistema: === EJECUCIÓN DEL SISTEMA PRINCIPAL ===
2025-10-28 17:41:34,928 [DEBUG] neo4j.pool: [#0000]  _: <POOL> created, direct address IPv4Address(('172.23.111.142', 7687))
2025-10-28 17:41:35,020 [INFO] SistemaFenomenologico: Sistema inicializado con configuración cargada
2025-10-28 17:41:35,020 [INFO] DiagnosticadorSistema: Sistema inicializado correctamente
2025-10-28 17:41:35,026 [INFO] SistemaFenomenologico: Iniciando flujo completo del sistema
2025-10-28 17:41:35,104 [ERROR] DiagnosticadorSistema: ✗ Error en ejecución del sistema: 'SistemaFenomenologicoV2' object has no attribute '_generar_preinstancias_desde_analisis'
2025-10-28 17:41:35,110 [ERROR] DiagnosticadorSistema: Traceback (most recent call last):
  File "C:\Users\Public\#...Raíz Dasein\YO estructural\verificar.py", line 119, in ejecutar_sistema_principal
    resultado = sistema.procesar_flujo_completo('entrada_bruta')
  File "C:\Users\Public\#...Raíz Dasein\YO estructural\sistema_principal_v2.py", line 155, in procesar_flujo_completo
    preinstancias = self._generar_preinstancias_desde_analisis(analisis_textos)
                    ^^^^^^^^^^^^^^^^^^^^^^^^^^^^^^^^^^^^^^^^^^
AttributeError: 'SistemaFenomenologicoV2' object has no attribute '_generar_preinstancias_desde_analisis'

2025-10-28 17:41:35,198 [DEBUG] neo4j.pool: [#0000]  _: <POOL> close
