2025-10-28 19:21:45,937 [INFO] DiagnosticadorSistema: Iniciando diagnóstico completo del sistema - 20251028_192145
2025-10-28 19:21:45,938 [INFO] DiagnosticadorSistema: === VERIFICACIÓN DE PREREQUISITOS ===
2025-10-28 19:21:45,938 [INFO] DiagnosticadorSistema: ✓ Directorio entrada_bruta existe
2025-10-28 19:21:45,938 [INFO] DiagnosticadorSistema: ✓ Directorio procesado existe
2025-10-28 19:21:45,940 [INFO] DiagnosticadorSistema: ✓ Directorio logs_sistema existe
2025-10-28 19:21:45,943 [INFO] DiagnosticadorSistema: ✓ Directorio configuracion existe
2025-10-28 19:21:45,944 [INFO] DiagnosticadorSistema: ✓ Archivo de configuración encontrado
2025-10-28 19:21:45,945 [INFO] DiagnosticadorSistema: ✓ Encontrados 24 archivos de texto en entrada_bruta
2025-10-28 19:21:45,945 [INFO] DiagnosticadorSistema: === VERIFICACIÓN COMPLETA DEL SISTEMA ===
2025-10-28 19:21:45,946 [INFO] DiagnosticadorSistema: ✓ Verificación del sistema completada exitosamente
2025-10-28 19:21:45,946 [INFO] DiagnosticadorSistema: === EJECUCIÓN DEL SISTEMA PRINCIPAL ===
2025-10-28 19:21:46,074 [DEBUG] neo4j.pool: [#0000]  _: <POOL> created, direct address IPv4Address(('172.23.111.142', 7687))
2025-10-28 19:21:46,134 [INFO] SistemaFenomenologico: Sistema inicializado con configuración cargada
2025-10-28 19:21:46,136 [INFO] DiagnosticadorSistema: Sistema inicializado correctamente
2025-10-28 19:21:46,136 [INFO] SistemaFenomenologico: Iniciando flujo completo del sistema
2025-10-28 19:21:46,216 [INFO] SistemaFenomenologico: Generadas 10 preinstancias desde análisis
2025-10-28 19:21:46,217 [INFO] SistemaFenomenologico: Generadas 10 preinstancias
2025-10-28 19:21:46,217 [INFO] SistemaFenomenologico: Creadas 10 instancias de existencia
2025-10-28 19:21:46,218 [INFO] SistemaFenomenologico: Creadas 10 instancias de existencia
2025-10-28 19:21:46,218 [INFO] SistemaFenomenologico: Evaluando necesidad de activación MDCE
2025-10-28 19:21:46,218 [INFO] SistemaFenomenologico: Analizando contradicciones de 4º orden
2025-10-28 19:21:46,219 [INFO] SistemaFenomenologico: No se detectaron contradicciones de 4º orden
2025-10-28 19:21:46,219 [INFO] SistemaFenomenologico: Calculando gradientes para 10 instancias
2025-10-28 19:21:46,219 [ERROR] DiagnosticadorSistema: ✗ Error en ejecución del sistema: 'VohexGradientSystem' object has no attribute 'calcular_gradientes'
2025-10-28 19:21:46,222 [ERROR] DiagnosticadorSistema: Traceback (most recent call last):
  File "C:\Users\Public\#...Raíz Dasein\YO estructural\verificar.py", line 126, in ejecutar_sistema_principal
    resultado = sistema.procesar_flujo_completo('entrada_bruta')
  File "C:\Users\Public\#...Raíz Dasein\YO estructural\sistema_principal_v2.py", line 172, in procesar_flujo_completo
    self._calcular_gradientes_instancias(instancias)
    ~~~~~~~~~~~~~~~~~~~~~~~~~~~~~~~~~~~~^^^^^^^^^^^^
  File "C:\Users\Public\#...Raíz Dasein\YO estructural\sistema_principal_v2.py", line 413, in _calcular_gradientes_instancias
    gradientes = self.sistema_gradientes.calcular_gradientes(
                 ^^^^^^^^^^^^^^^^^^^^^^^^^^^^^^^^^^^^^^^^^^^
AttributeError: 'VohexGradientSystem' object has no attribute 'calcular_gradientes'

2025-10-28 19:21:46,303 [DEBUG] neo4j.pool: [#0000]  _: <POOL> close
