2025-10-28 22:45:49,670 [INFO] DiagnosticadorSistema: Iniciando diagnóstico completo del sistema - 20251028_224549
2025-10-28 22:45:49,680 [INFO] DiagnosticadorSistema: === VERIFICACIÓN DE PREREQUISITOS ===
2025-10-28 22:45:49,682 [INFO] DiagnosticadorSistema: ✓ Directorio entrada_bruta existe
2025-10-28 22:45:49,687 [INFO] DiagnosticadorSistema: ✓ Directorio procesado existe
2025-10-28 22:45:49,689 [INFO] DiagnosticadorSistema: ✓ Directorio logs_sistema existe
2025-10-28 22:45:49,692 [INFO] DiagnosticadorSistema: ✓ Directorio configuracion existe
2025-10-28 22:45:49,694 [INFO] DiagnosticadorSistema: ✓ Archivo de configuración encontrado
2025-10-28 22:45:49,700 [INFO] DiagnosticadorSistema: ✓ Encontrados 24 archivos de texto en entrada_bruta
2025-10-28 22:45:49,724 [INFO] DiagnosticadorSistema: === VERIFICACIÓN COMPLETA DEL SISTEMA ===
2025-10-28 22:45:49,725 [INFO] DiagnosticadorSistema: ✓ Verificación del sistema completada exitosamente
2025-10-28 22:45:49,832 [INFO] DiagnosticadorSistema: === EJECUCIÓN DEL SISTEMA PRINCIPAL ===
2025-10-28 22:45:50,042 [DEBUG] neo4j.pool: [#0000]  _: <POOL> created, direct address IPv4Address(('172.23.111.142', 7687))
2025-10-28 22:45:50,115 [INFO] SistemaFenomenologico: Sistema inicializado con configuración cargada
2025-10-28 22:45:50,117 [INFO] DiagnosticadorSistema: Sistema inicializado correctamente
2025-10-28 22:45:50,120 [INFO] SistemaFenomenologico: Iniciando flujo completo del sistema
2025-10-28 22:45:50,227 [INFO] SistemaFenomenologico: Generadas 10 preinstancias desde análisis
2025-10-28 22:45:50,230 [INFO] SistemaFenomenologico: Generadas 10 preinstancias
2025-10-28 22:45:50,234 [INFO] SistemaFenomenologico: Creadas 10 instancias de existencia
2025-10-28 22:45:50,285 [INFO] SistemaFenomenologico: Creadas 10 instancias de existencia
2025-10-28 22:45:50,293 [INFO] SistemaFenomenologico: Evaluando necesidad de activación MDCE
2025-10-28 22:45:50,322 [INFO] SistemaFenomenologico: Analizando contradicciones de 4º orden
2025-10-28 22:45:50,334 [INFO] SistemaFenomenologico: No se detectaron contradicciones de 4º orden
2025-10-28 22:45:50,340 [INFO] SistemaFenomenologico: Calculando gradientes para 10 instancias
2025-10-28 22:45:50,362 [INFO] SistemaFenomenologico: Gradientes relacionales calculados exitosamente
2025-10-28 22:45:50,373 [INFO] SistemaFenomenologico: Iniciando detección de vohexistencias para 10 instancias
2025-10-28 22:45:50,398 [INFO] SistemaFenomenologico: Detectadas 0 vohexistencias
2025-10-28 22:45:50,415 [ERROR] DiagnosticadorSistema: ✗ Error en ejecución del sistema: 'SistemaYoEmergente' object has no attribute 'neo4j_driver'
2025-10-28 22:45:50,423 [ERROR] DiagnosticadorSistema: Traceback (most recent call last):
  File "C:\Users\Public\#...Raíz Dasein\YO estructural\verificar.py", line 126, in ejecutar_sistema_principal
    resultado = sistema.procesar_flujo_completo('entrada_bruta')
  File "C:\Users\Public\#...Raíz Dasein\YO estructural\sistema_principal_v2.py", line 187, in procesar_flujo_completo
    emergencia_detectada = self.motor_yo.evaluar_emergencia(contextos_activos, fenomenos_activos)
  File "C:\Users\Public\#...Raíz Dasein\YO estructural\motor_yo\sistema_yo_emergente.py", line 499, in evaluar_emergencia
    contradicciones = self.detectar_contradicciones()
  File "C:\Users\Public\#...Raíz Dasein\YO estructural\motor_yo\sistema_yo_emergente.py", line 254, in detectar_contradicciones
    return self.evaluar_contradicciones(self.estado_actual.__dict__)
           ~~~~~~~~~~~~~~~~~~~~~~~~~~~~^^^^^^^^^^^^^^^^^^^^^^^^^^^^^
  File "C:\Users\Public\#...Raíz Dasein\YO estructural\motor_yo\sistema_yo_emergente.py", line 477, in evaluar_contradicciones
    self.sincronizar_con_neo4j()
    ~~~~~~~~~~~~~~~~~~~~~~~~~~^^
  File "C:\Users\Public\#...Raíz Dasein\YO estructural\motor_yo\sistema_yo_emergente.py", line 375, in sincronizar_con_neo4j
    with self.neo4j_driver.session() as session:
         ^^^^^^^^^^^^^^^^^
AttributeError: 'SistemaYoEmergente' object has no attribute 'neo4j_driver'

2025-10-28 22:45:50,539 [DEBUG] neo4j.pool: [#0000]  _: <POOL> close
