2025-10-28 19:41:37,561 [INFO] DiagnosticadorSistema: Iniciando diagnóstico completo del sistema - 20251028_194137
2025-10-28 19:41:37,563 [INFO] DiagnosticadorSistema: === VERIFICACIÓN DE PREREQUISITOS ===
2025-10-28 19:41:37,564 [INFO] DiagnosticadorSistema: ✓ Directorio entrada_bruta existe
2025-10-28 19:41:37,565 [INFO] DiagnosticadorSistema: ✓ Directorio procesado existe
2025-10-28 19:41:37,566 [INFO] DiagnosticadorSistema: ✓ Directorio logs_sistema existe
2025-10-28 19:41:37,566 [INFO] DiagnosticadorSistema: ✓ Directorio configuracion existe
2025-10-28 19:41:37,567 [INFO] DiagnosticadorSistema: ✓ Archivo de configuración encontrado
2025-10-28 19:41:37,568 [INFO] DiagnosticadorSistema: ✓ Encontrados 24 archivos de texto en entrada_bruta
2025-10-28 19:41:37,612 [INFO] DiagnosticadorSistema: === VERIFICACIÓN COMPLETA DEL SISTEMA ===
2025-10-28 19:41:37,613 [INFO] DiagnosticadorSistema: ✓ Verificación del sistema completada exitosamente
2025-10-28 19:41:37,613 [INFO] DiagnosticadorSistema: === EJECUCIÓN DEL SISTEMA PRINCIPAL ===
2025-10-28 19:41:37,733 [DEBUG] neo4j.pool: [#0000]  _: <POOL> created, direct address IPv4Address(('172.23.111.142', 7687))
2025-10-28 19:41:37,799 [INFO] SistemaFenomenologico: Sistema inicializado con configuración cargada
2025-10-28 19:41:37,801 [INFO] DiagnosticadorSistema: Sistema inicializado correctamente
2025-10-28 19:41:37,802 [INFO] SistemaFenomenologico: Iniciando flujo completo del sistema
2025-10-28 19:41:37,898 [INFO] SistemaFenomenologico: Generadas 10 preinstancias desde análisis
2025-10-28 19:41:37,899 [INFO] SistemaFenomenologico: Generadas 10 preinstancias
2025-10-28 19:41:37,899 [INFO] SistemaFenomenologico: Creadas 10 instancias de existencia
2025-10-28 19:41:37,900 [INFO] SistemaFenomenologico: Creadas 10 instancias de existencia
2025-10-28 19:41:37,900 [INFO] SistemaFenomenologico: Evaluando necesidad de activación MDCE
2025-10-28 19:41:37,900 [INFO] SistemaFenomenologico: Analizando contradicciones de 4º orden
2025-10-28 19:41:37,901 [INFO] SistemaFenomenologico: No se detectaron contradicciones de 4º orden
2025-10-28 19:41:37,902 [INFO] SistemaFenomenologico: Calculando gradientes para 10 instancias
2025-10-28 19:41:37,903 [ERROR] DiagnosticadorSistema: ✗ Error en ejecución del sistema: name 'datetime' is not defined
2025-10-28 19:41:37,907 [ERROR] DiagnosticadorSistema: Traceback (most recent call last):
  File "C:\Users\Public\#...Raíz Dasein\YO estructural\verificar.py", line 126, in ejecutar_sistema_principal
    resultado = sistema.procesar_flujo_completo('entrada_bruta')
  File "C:\Users\Public\#...Raíz Dasein\YO estructural\sistema_principal_v2.py", line 172, in procesar_flujo_completo
    self._calcular_gradientes_instancias(instancias)
    ~~~~~~~~~~~~~~~~~~~~~~~~~~~~~~~~~~~~^^^^^^^^^^^^
  File "C:\Users\Public\#...Raíz Dasein\YO estructural\sistema_principal_v2.py", line 413, in _calcular_gradientes_instancias
    gradientes = self.sistema_gradientes.calcular_gradientes(
        instancia.propiedades,
        instancia.timestamp
    )
  File "C:\Users\Public\#...Raíz Dasein\YO estructural\gradient_system_enhanced.py", line 188, in calcular_gradientes
    info_gradientes = self.get_all_gradients_for_node(concept_id)
  File "C:\Users\Public\#...Raíz Dasein\YO estructural\gradient_system_enhanced.py", line 69, in get_all_gradients_for_node
    "timestamp_consulta": datetime.now().isoformat()
                          ^^^^^^^^
NameError: name 'datetime' is not defined. Did you forget to import 'datetime'?

2025-10-28 19:41:38,034 [DEBUG] neo4j.pool: [#0000]  _: <POOL> close
