2025-10-28 17:06:52,629 [INFO] DiagnosticadorSistema: Iniciando diagnóstico completo del sistema - 20251028_170652
2025-10-28 17:06:52,642 [INFO] DiagnosticadorSistema: === VERIFICACIÓN DE PREREQUISITOS ===
2025-10-28 17:06:52,662 [INFO] DiagnosticadorSistema: ✓ Directorio entrada_bruta existe
2025-10-28 17:06:52,664 [INFO] DiagnosticadorSistema: ✓ Directorio procesado existe
2025-10-28 17:06:52,667 [INFO] DiagnosticadorSistema: ✓ Directorio logs_sistema existe
2025-10-28 17:06:52,676 [INFO] DiagnosticadorSistema: ✓ Directorio configuracion existe
2025-10-28 17:06:52,703 [INFO] DiagnosticadorSistema: ✓ Archivo de configuración encontrado
2025-10-28 17:06:52,722 [INFO] DiagnosticadorSistema: ✓ Encontrados 24 archivos de texto en entrada_bruta
2025-10-28 17:06:52,727 [INFO] DiagnosticadorSistema: === VERIFICACIÓN COMPLETA DEL SISTEMA ===
2025-10-28 17:06:52,774 [ERROR] DiagnosticadorSistema: ✗ Error en verificación del sistema: name 'verificar_sistema' is not defined
2025-10-28 17:06:52,796 [INFO] DiagnosticadorSistema: === EJECUCIÓN DEL SISTEMA PRINCIPAL ===
2025-10-28 17:06:52,996 [DEBUG] neo4j.pool: [#0000]  _: <POOL> created, direct address IPv4Address(('172.23.111.142', 7687))
2025-10-28 17:06:53,057 [INFO] SistemaFenomenologico: Sistema inicializado con configuración cargada
2025-10-28 17:06:53,058 [INFO] DiagnosticadorSistema: Sistema inicializado correctamente
2025-10-28 17:06:53,064 [INFO] SistemaFenomenologico: Iniciando flujo completo del sistema
2025-10-28 17:06:53,069 [ERROR] DiagnosticadorSistema: ✗ Error en ejecución del sistema: 'rutas'
2025-10-28 17:06:53,074 [ERROR] DiagnosticadorSistema: Traceback (most recent call last):
  File "C:\Users\Public\#...Raíz Dasein\YO estructural\verificar.py", line 119, in ejecutar_sistema_principal
    resultado = sistema.procesar_flujo_completo('entrada_bruta')
  File "C:\Users\Public\#...Raíz Dasein\YO estructural\sistema_principal_v2.py", line 150, in procesar_flujo_completo
    self.config['rutas']['logs']
    ~~~~~~~~~~~^^^^^^^^^
KeyError: 'rutas'

2025-10-28 17:06:53,184 [DEBUG] neo4j.pool: [#0000]  _: <POOL> close
