2025-10-28 19:50:14,374 [INFO] DiagnosticadorSistema: Iniciando diagnóstico completo del sistema - 20251028_195014
2025-10-28 19:50:14,376 [INFO] DiagnosticadorSistema: === VERIFICACIÓN DE PREREQUISITOS ===
2025-10-28 19:50:14,377 [INFO] DiagnosticadorSistema: ✓ Directorio entrada_bruta existe
2025-10-28 19:50:14,378 [INFO] DiagnosticadorSistema: ✓ Directorio procesado existe
2025-10-28 19:50:14,379 [INFO] DiagnosticadorSistema: ✓ Directorio logs_sistema existe
2025-10-28 19:50:14,379 [INFO] DiagnosticadorSistema: ✓ Directorio configuracion existe
2025-10-28 19:50:14,380 [INFO] DiagnosticadorSistema: ✓ Archivo de configuración encontrado
2025-10-28 19:50:14,383 [INFO] DiagnosticadorSistema: ✓ Encontrados 24 archivos de texto en entrada_bruta
2025-10-28 19:50:14,384 [INFO] DiagnosticadorSistema: === VERIFICACIÓN COMPLETA DEL SISTEMA ===
2025-10-28 19:50:14,385 [INFO] DiagnosticadorSistema: ✓ Verificación del sistema completada exitosamente
2025-10-28 19:50:14,385 [INFO] DiagnosticadorSistema: === EJECUCIÓN DEL SISTEMA PRINCIPAL ===
2025-10-28 19:50:14,542 [DEBUG] neo4j.pool: [#0000]  _: <POOL> created, direct address IPv4Address(('172.23.111.142', 7687))
2025-10-28 19:50:14,618 [INFO] SistemaFenomenologico: Sistema inicializado con configuración cargada
2025-10-28 19:50:14,620 [INFO] DiagnosticadorSistema: Sistema inicializado correctamente
2025-10-28 19:50:14,621 [INFO] SistemaFenomenologico: Iniciando flujo completo del sistema
2025-10-28 19:50:14,702 [INFO] SistemaFenomenologico: Generadas 10 preinstancias desde análisis
2025-10-28 19:50:14,702 [INFO] SistemaFenomenologico: Generadas 10 preinstancias
2025-10-28 19:50:14,705 [INFO] SistemaFenomenologico: Creadas 10 instancias de existencia
2025-10-28 19:50:14,706 [INFO] SistemaFenomenologico: Creadas 10 instancias de existencia
2025-10-28 19:50:14,707 [INFO] SistemaFenomenologico: Evaluando necesidad de activación MDCE
2025-10-28 19:50:14,708 [INFO] SistemaFenomenologico: Analizando contradicciones de 4º orden
2025-10-28 19:50:14,708 [INFO] SistemaFenomenologico: No se detectaron contradicciones de 4º orden
2025-10-28 19:50:14,709 [INFO] SistemaFenomenologico: Calculando gradientes para 10 instancias
2025-10-28 19:50:14,722 [INFO] SistemaFenomenologico: Gradientes relacionales calculados exitosamente
2025-10-28 19:50:14,723 [ERROR] DiagnosticadorSistema: ✗ Error en ejecución del sistema: 'SistemaFenomenologicoV2' object has no attribute '_detectar_vohexistencias'
2025-10-28 19:50:14,727 [ERROR] DiagnosticadorSistema: Traceback (most recent call last):
  File "C:\Users\Public\#...Raíz Dasein\YO estructural\verificar.py", line 126, in ejecutar_sistema_principal
    resultado = sistema.procesar_flujo_completo('entrada_bruta')
  File "C:\Users\Public\#...Raíz Dasein\YO estructural\sistema_principal_v2.py", line 176, in procesar_flujo_completo
    vohexistencias = self._detectar_vohexistencias(instancias)
                     ^^^^^^^^^^^^^^^^^^^^^^^^^^^^^
AttributeError: 'SistemaFenomenologicoV2' object has no attribute '_detectar_vohexistencias'. Did you mean: 'persistir_vohexistencia'?

2025-10-28 19:50:14,842 [DEBUG] neo4j.pool: [#0000]  _: <POOL> close
