2025-10-28 18:50:38,454 [INFO] DiagnosticadorSistema: Iniciando diagnóstico completo del sistema - 20251028_185038
2025-10-28 18:50:38,455 [INFO] DiagnosticadorSistema: === VERIFICACIÓN DE PREREQUISITOS ===
2025-10-28 18:50:38,456 [INFO] DiagnosticadorSistema: ✓ Directorio entrada_bruta existe
2025-10-28 18:50:38,459 [INFO] DiagnosticadorSistema: ✓ Directorio procesado existe
2025-10-28 18:50:38,460 [INFO] DiagnosticadorSistema: ✓ Directorio logs_sistema existe
2025-10-28 18:50:38,461 [INFO] DiagnosticadorSistema: ✓ Directorio configuracion existe
2025-10-28 18:50:38,461 [INFO] DiagnosticadorSistema: ✓ Archivo de configuración encontrado
2025-10-28 18:50:38,469 [INFO] DiagnosticadorSistema: ✓ Encontrados 24 archivos de texto en entrada_bruta
2025-10-28 18:50:38,470 [INFO] DiagnosticadorSistema: === VERIFICACIÓN COMPLETA DEL SISTEMA ===
2025-10-28 18:50:38,470 [INFO] DiagnosticadorSistema: ✓ Verificación del sistema completada exitosamente
2025-10-28 18:50:38,471 [INFO] DiagnosticadorSistema: === EJECUCIÓN DEL SISTEMA PRINCIPAL ===
2025-10-28 18:50:38,651 [DEBUG] neo4j.pool: [#0000]  _: <POOL> created, direct address IPv4Address(('172.23.111.142', 7687))
2025-10-28 18:50:38,710 [INFO] SistemaFenomenologico: Sistema inicializado con configuración cargada
2025-10-28 18:50:38,713 [INFO] DiagnosticadorSistema: Sistema inicializado correctamente
2025-10-28 18:50:38,713 [INFO] SistemaFenomenologico: Iniciando flujo completo del sistema
2025-10-28 18:50:38,796 [INFO] SistemaFenomenologico: Generadas 10 preinstancias desde análisis
2025-10-28 18:50:38,797 [INFO] SistemaFenomenologico: Generadas 10 preinstancias
2025-10-28 18:50:38,797 [INFO] SistemaFenomenologico: Creadas 10 instancias de existencia
2025-10-28 18:50:38,797 [INFO] SistemaFenomenologico: Creadas 10 instancias de existencia
2025-10-28 18:50:38,798 [INFO] SistemaFenomenologico: Evaluando necesidad de activación MDCE
2025-10-28 18:50:38,799 [INFO] SistemaFenomenologico: Analizando contradicciones de 4º orden
2025-10-28 18:50:38,799 [ERROR] DiagnosticadorSistema: ✗ Error en ejecución del sistema: type object 'datetime.datetime' has no attribute 'datetime'
2025-10-28 18:50:38,803 [ERROR] DiagnosticadorSistema: Traceback (most recent call last):
  File "C:\Users\Public\#...Raíz Dasein\YO estructural\verificar.py", line 126, in ejecutar_sistema_principal
    resultado = sistema.procesar_flujo_completo('entrada_bruta')
  File "C:\Users\Public\#...Raíz Dasein\YO estructural\sistema_principal_v2.py", line 165, in procesar_flujo_completo
    if self._detectar_contradicciones_nivel_4(instancias):
       ~~~~~~~~~~~~~~~~~~~~~~~~~~~~~~~~~~~~~~^^^^^^^^^^^^
  File "C:\Users\Public\#...Raíz Dasein\YO estructural\sistema_principal_v2.py", line 351, in _detectar_contradicciones_nivel_4
    if self._hay_contradiccion_temporal(inst1, inst2):
       ~~~~~~~~~~~~~~~~~~~~~~~~~~~~~~~~^^^^^^^^^^^^^^
  File "C:\Users\Public\#...Raíz Dasein\YO estructural\sistema_principal_v2.py", line 379, in _hay_contradiccion_temporal
    t1 = datetime.datetime.fromisoformat(inst1.timestamp)
         ^^^^^^^^^^^^^^^^^
AttributeError: type object 'datetime.datetime' has no attribute 'datetime'

2025-10-28 18:50:38,908 [DEBUG] neo4j.pool: [#0000]  _: <POOL> close
