2025-10-28 19:55:24,729 [INFO] DiagnosticadorSistema: Iniciando diagnóstico completo del sistema - 20251028_195524
2025-10-28 19:55:24,730 [INFO] DiagnosticadorSistema: === VERIFICACIÓN DE PREREQUISITOS ===
2025-10-28 19:55:24,730 [INFO] DiagnosticadorSistema: ✓ Directorio entrada_bruta existe
2025-10-28 19:55:24,730 [INFO] DiagnosticadorSistema: ✓ Directorio procesado existe
2025-10-28 19:55:24,731 [INFO] DiagnosticadorSistema: ✓ Directorio logs_sistema existe
2025-10-28 19:55:24,731 [INFO] DiagnosticadorSistema: ✓ Directorio configuracion existe
2025-10-28 19:55:24,731 [INFO] DiagnosticadorSistema: ✓ Archivo de configuración encontrado
2025-10-28 19:55:24,732 [INFO] DiagnosticadorSistema: ✓ Encontrados 24 archivos de texto en entrada_bruta
2025-10-28 19:55:24,733 [INFO] DiagnosticadorSistema: === VERIFICACIÓN COMPLETA DEL SISTEMA ===
2025-10-28 19:55:24,733 [INFO] DiagnosticadorSistema: ✓ Verificación del sistema completada exitosamente
2025-10-28 19:55:24,733 [INFO] DiagnosticadorSistema: === EJECUCIÓN DEL SISTEMA PRINCIPAL ===
2025-10-28 19:55:24,854 [DEBUG] neo4j.pool: [#0000]  _: <POOL> created, direct address IPv4Address(('172.23.111.142', 7687))
2025-10-28 19:55:24,917 [INFO] SistemaFenomenologico: Sistema inicializado con configuración cargada
2025-10-28 19:55:24,919 [INFO] DiagnosticadorSistema: Sistema inicializado correctamente
2025-10-28 19:55:24,919 [INFO] SistemaFenomenologico: Iniciando flujo completo del sistema
2025-10-28 19:55:25,003 [INFO] SistemaFenomenologico: Generadas 10 preinstancias desde análisis
2025-10-28 19:55:25,004 [INFO] SistemaFenomenologico: Generadas 10 preinstancias
2025-10-28 19:55:25,004 [INFO] SistemaFenomenologico: Creadas 10 instancias de existencia
2025-10-28 19:55:25,005 [INFO] SistemaFenomenologico: Creadas 10 instancias de existencia
2025-10-28 19:55:25,006 [INFO] SistemaFenomenologico: Evaluando necesidad de activación MDCE
2025-10-28 19:55:25,007 [INFO] SistemaFenomenologico: Analizando contradicciones de 4º orden
2025-10-28 19:55:25,008 [INFO] SistemaFenomenologico: No se detectaron contradicciones de 4º orden
2025-10-28 19:55:25,009 [INFO] SistemaFenomenologico: Calculando gradientes para 10 instancias
2025-10-28 19:55:25,070 [INFO] SistemaFenomenologico: Gradientes relacionales calculados exitosamente
2025-10-28 19:55:25,071 [ERROR] DiagnosticadorSistema: ✗ Error en ejecución del sistema: 'SistemaFenomenologicoV2' object has no attribute '_detectar_vohexistencias'
2025-10-28 19:55:25,074 [ERROR] DiagnosticadorSistema: Traceback (most recent call last):
  File "C:\Users\Public\#...Raíz Dasein\YO estructural\verificar.py", line 126, in ejecutar_sistema_principal
    resultado = sistema.procesar_flujo_completo('entrada_bruta')
  File "C:\Users\Public\#...Raíz Dasein\YO estructural\sistema_principal_v2.py", line 176, in procesar_flujo_completo
    vohexistencias = self._detectar_vohexistencias(instancias)
                     ^^^^^^^^^^^^^^^^^^^^^^^^^^^^^
AttributeError: 'SistemaFenomenologicoV2' object has no attribute '_detectar_vohexistencias'. Did you mean: 'persistir_vohexistencia'?

2025-10-28 19:55:25,167 [DEBUG] neo4j.pool: [#0000]  _: <POOL> close
