2025-10-28 20:15:23,463 [INFO] DiagnosticadorSistema: Iniciando diagnóstico completo del sistema - 20251028_201523
2025-10-28 20:15:23,464 [INFO] DiagnosticadorSistema: === VERIFICACIÓN DE PREREQUISITOS ===
2025-10-28 20:15:23,464 [INFO] DiagnosticadorSistema: ✓ Directorio entrada_bruta existe
2025-10-28 20:15:23,465 [INFO] DiagnosticadorSistema: ✓ Directorio procesado existe
2025-10-28 20:15:23,465 [INFO] DiagnosticadorSistema: ✓ Directorio logs_sistema existe
2025-10-28 20:15:23,465 [INFO] DiagnosticadorSistema: ✓ Directorio configuracion existe
2025-10-28 20:15:23,466 [INFO] DiagnosticadorSistema: ✓ Archivo de configuración encontrado
2025-10-28 20:15:23,466 [INFO] DiagnosticadorSistema: ✓ Encontrados 24 archivos de texto en entrada_bruta
2025-10-28 20:15:23,467 [INFO] DiagnosticadorSistema: === VERIFICACIÓN COMPLETA DEL SISTEMA ===
2025-10-28 20:15:23,467 [INFO] DiagnosticadorSistema: ✓ Verificación del sistema completada exitosamente
2025-10-28 20:15:23,468 [INFO] DiagnosticadorSistema: === EJECUCIÓN DEL SISTEMA PRINCIPAL ===
2025-10-28 20:15:23,618 [DEBUG] neo4j.pool: [#0000]  _: <POOL> created, direct address IPv4Address(('172.23.111.142', 7687))
2025-10-28 20:15:23,691 [INFO] SistemaFenomenologico: Sistema inicializado con configuración cargada
2025-10-28 20:15:23,695 [INFO] DiagnosticadorSistema: Sistema inicializado correctamente
2025-10-28 20:15:23,696 [INFO] SistemaFenomenologico: Iniciando flujo completo del sistema
2025-10-28 20:15:23,798 [INFO] SistemaFenomenologico: Generadas 10 preinstancias desde análisis
2025-10-28 20:15:23,799 [INFO] SistemaFenomenologico: Generadas 10 preinstancias
2025-10-28 20:15:23,800 [INFO] SistemaFenomenologico: Creadas 10 instancias de existencia
2025-10-28 20:15:23,801 [INFO] SistemaFenomenologico: Creadas 10 instancias de existencia
2025-10-28 20:15:23,801 [INFO] SistemaFenomenologico: Evaluando necesidad de activación MDCE
2025-10-28 20:15:23,802 [INFO] SistemaFenomenologico: Analizando contradicciones de 4º orden
2025-10-28 20:15:23,802 [INFO] SistemaFenomenologico: No se detectaron contradicciones de 4º orden
2025-10-28 20:15:23,803 [INFO] SistemaFenomenologico: Calculando gradientes para 10 instancias
2025-10-28 20:15:23,820 [INFO] SistemaFenomenologico: Gradientes relacionales calculados exitosamente
2025-10-28 20:15:23,820 [INFO] SistemaFenomenologico: Iniciando detección de vohexistencias para 10 instancias
2025-10-28 20:15:23,841 [INFO] SistemaFenomenologico: Detectadas 0 vohexistencias
2025-10-28 20:15:23,844 [ERROR] DiagnosticadorSistema: ✗ Error en ejecución del sistema: 'SistemaFenomenologicoV2' object has no attribute '_extraer_contextos_activos'
2025-10-28 20:15:23,863 [ERROR] DiagnosticadorSistema: Traceback (most recent call last):
  File "C:\Users\Public\#...Raíz Dasein\YO estructural\verificar.py", line 126, in ejecutar_sistema_principal
    resultado = sistema.procesar_flujo_completo('entrada_bruta')
  File "C:\Users\Public\#...Raíz Dasein\YO estructural\sistema_principal_v2.py", line 180, in procesar_flujo_completo
    contextos_activos = self._extraer_contextos_activos()
                        ^^^^^^^^^^^^^^^^^^^^^^^^^^^^^^^
AttributeError: 'SistemaFenomenologicoV2' object has no attribute '_extraer_contextos_activos'

2025-10-28 20:15:24,156 [DEBUG] neo4j.pool: [#0000]  _: <POOL> close
