2025-10-28 19:29:34,711 [INFO] DiagnosticadorSistema: Iniciando diagnóstico completo del sistema - 20251028_192934
2025-10-28 19:29:34,712 [INFO] DiagnosticadorSistema: === VERIFICACIÓN DE PREREQUISITOS ===
2025-10-28 19:29:34,714 [INFO] DiagnosticadorSistema: ✓ Directorio entrada_bruta existe
2025-10-28 19:29:34,715 [INFO] DiagnosticadorSistema: ✓ Directorio procesado existe
2025-10-28 19:29:34,715 [INFO] DiagnosticadorSistema: ✓ Directorio logs_sistema existe
2025-10-28 19:29:34,716 [INFO] DiagnosticadorSistema: ✓ Directorio configuracion existe
2025-10-28 19:29:34,716 [INFO] DiagnosticadorSistema: ✓ Archivo de configuración encontrado
2025-10-28 19:29:34,717 [INFO] DiagnosticadorSistema: ✓ Encontrados 24 archivos de texto en entrada_bruta
2025-10-28 19:29:34,717 [INFO] DiagnosticadorSistema: === VERIFICACIÓN COMPLETA DEL SISTEMA ===
2025-10-28 19:29:34,718 [INFO] DiagnosticadorSistema: ✓ Verificación del sistema completada exitosamente
2025-10-28 19:29:34,718 [INFO] DiagnosticadorSistema: === EJECUCIÓN DEL SISTEMA PRINCIPAL ===
2025-10-28 19:29:34,874 [DEBUG] neo4j.pool: [#0000]  _: <POOL> created, direct address IPv4Address(('172.23.111.142', 7687))
2025-10-28 19:29:34,947 [INFO] SistemaFenomenologico: Sistema inicializado con configuración cargada
2025-10-28 19:29:34,948 [INFO] DiagnosticadorSistema: Sistema inicializado correctamente
2025-10-28 19:29:34,956 [INFO] SistemaFenomenologico: Iniciando flujo completo del sistema
2025-10-28 19:29:35,041 [INFO] SistemaFenomenologico: Generadas 10 preinstancias desde análisis
2025-10-28 19:29:35,041 [INFO] SistemaFenomenologico: Generadas 10 preinstancias
2025-10-28 19:29:35,042 [INFO] SistemaFenomenologico: Creadas 10 instancias de existencia
2025-10-28 19:29:35,043 [INFO] SistemaFenomenologico: Creadas 10 instancias de existencia
2025-10-28 19:29:35,043 [INFO] SistemaFenomenologico: Evaluando necesidad de activación MDCE
2025-10-28 19:29:35,044 [INFO] SistemaFenomenologico: Analizando contradicciones de 4º orden
2025-10-28 19:29:35,044 [INFO] SistemaFenomenologico: No se detectaron contradicciones de 4º orden
2025-10-28 19:29:35,045 [INFO] SistemaFenomenologico: Calculando gradientes para 10 instancias
2025-10-28 19:29:35,045 [ERROR] DiagnosticadorSistema: ✗ Error en ejecución del sistema: 'VohexGradientSystem' object has no attribute 'calcular_gradientes'
2025-10-28 19:29:35,049 [ERROR] DiagnosticadorSistema: Traceback (most recent call last):
  File "C:\Users\Public\#...Raíz Dasein\YO estructural\verificar.py", line 126, in ejecutar_sistema_principal
    resultado = sistema.procesar_flujo_completo('entrada_bruta')
  File "C:\Users\Public\#...Raíz Dasein\YO estructural\sistema_principal_v2.py", line 172, in procesar_flujo_completo
    self._calcular_gradientes_instancias(instancias)
    ~~~~~~~~~~~~~~~~~~~~~~~~~~~~~~~~~~~~^^^^^^^^^^^^
  File "C:\Users\Public\#...Raíz Dasein\YO estructural\sistema_principal_v2.py", line 413, in _calcular_gradientes_instancias
    gradientes = self.sistema_gradientes.calcular_gradientes(
                 ^^^^^^^^^^^^^^^^^^^^^^^^^^^^^^^^^^^^^^^^^^^
AttributeError: 'VohexGradientSystem' object has no attribute 'calcular_gradientes'

2025-10-28 19:29:35,140 [DEBUG] neo4j.pool: [#0000]  _: <POOL> close
