2025-10-28 18:04:36,713 [INFO] DiagnosticadorSistema: Iniciando diagnóstico completo del sistema - 20251028_180436
2025-10-28 18:04:36,714 [INFO] DiagnosticadorSistema: === VERIFICACIÓN DE PREREQUISITOS ===
2025-10-28 18:04:36,714 [INFO] DiagnosticadorSistema: ✓ Directorio entrada_bruta existe
2025-10-28 18:04:36,715 [INFO] DiagnosticadorSistema: ✓ Directorio procesado existe
2025-10-28 18:04:36,716 [INFO] DiagnosticadorSistema: ✓ Directorio logs_sistema existe
2025-10-28 18:04:36,716 [INFO] DiagnosticadorSistema: ✓ Directorio configuracion existe
2025-10-28 18:04:36,716 [INFO] DiagnosticadorSistema: ✓ Archivo de configuración encontrado
2025-10-28 18:04:36,717 [INFO] DiagnosticadorSistema: ✓ Encontrados 24 archivos de texto en entrada_bruta
2025-10-28 18:04:36,718 [INFO] DiagnosticadorSistema: === VERIFICACIÓN COMPLETA DEL SISTEMA ===
2025-10-28 18:04:36,719 [INFO] DiagnosticadorSistema: ✓ Verificación del sistema completada exitosamente
2025-10-28 18:04:36,722 [INFO] DiagnosticadorSistema: === EJECUCIÓN DEL SISTEMA PRINCIPAL ===
2025-10-28 18:04:36,898 [DEBUG] neo4j.pool: [#0000]  _: <POOL> created, direct address IPv4Address(('172.23.111.142', 7687))
2025-10-28 18:04:36,957 [INFO] SistemaFenomenologico: Sistema inicializado con configuración cargada
2025-10-28 18:04:36,960 [INFO] DiagnosticadorSistema: Sistema inicializado correctamente
2025-10-28 18:04:36,960 [INFO] SistemaFenomenologico: Iniciando flujo completo del sistema
2025-10-28 18:04:37,040 [ERROR] DiagnosticadorSistema: ✗ Error en ejecución del sistema: PreInstancia.__init__() got an unexpected keyword argument 'nivel'
2025-10-28 18:04:37,045 [ERROR] DiagnosticadorSistema: Traceback (most recent call last):
  File "C:\Users\Public\#...Raíz Dasein\YO estructural\verificar.py", line 126, in ejecutar_sistema_principal
    resultado = sistema.procesar_flujo_completo('entrada_bruta')
  File "C:\Users\Public\#...Raíz Dasein\YO estructural\sistema_principal_v2.py", line 155, in procesar_flujo_completo
    preinstancias = self._generar_preinstancias_desde_analisis(analisis_textos)
  File "C:\Users\Public\#...Raíz Dasein\YO estructural\sistema_principal_v2.py", line 298, in _generar_preinstancias_desde_analisis
    preinstancia = PreInstancia(
        nivel=nivel,
    ...<3 lines>...
        clasificacion=clasificacion
    )
TypeError: PreInstancia.__init__() got an unexpected keyword argument 'nivel'

2025-10-28 18:04:37,147 [DEBUG] neo4j.pool: [#0000]  _: <POOL> close
