2025-10-28 17:51:07,791 [INFO] DiagnosticadorSistema: Iniciando diagnóstico completo del sistema - 20251028_175107
2025-10-28 17:51:07,792 [INFO] DiagnosticadorSistema: === VERIFICACIÓN DE PREREQUISITOS ===
2025-10-28 17:51:07,792 [INFO] DiagnosticadorSistema: ✓ Directorio entrada_bruta existe
2025-10-28 17:51:07,793 [INFO] DiagnosticadorSistema: ✓ Directorio procesado existe
2025-10-28 17:51:07,794 [INFO] DiagnosticadorSistema: ✓ Directorio logs_sistema existe
2025-10-28 17:51:07,794 [INFO] DiagnosticadorSistema: ✓ Directorio configuracion existe
2025-10-28 17:51:07,795 [INFO] DiagnosticadorSistema: ✓ Archivo de configuración encontrado
2025-10-28 17:51:07,796 [INFO] DiagnosticadorSistema: ✓ Encontrados 24 archivos de texto en entrada_bruta
2025-10-28 17:51:07,796 [INFO] DiagnosticadorSistema: === VERIFICACIÓN COMPLETA DEL SISTEMA ===
2025-10-28 17:51:07,796 [INFO] DiagnosticadorSistema: ✓ Verificación del sistema completada exitosamente
2025-10-28 17:51:07,797 [INFO] DiagnosticadorSistema: === EJECUCIÓN DEL SISTEMA PRINCIPAL ===
2025-10-28 17:51:07,973 [DEBUG] neo4j.pool: [#0000]  _: <POOL> created, direct address IPv4Address(('172.23.111.142', 7687))
2025-10-28 17:51:08,046 [INFO] SistemaFenomenologico: Sistema inicializado con configuración cargada
2025-10-28 17:51:08,048 [INFO] DiagnosticadorSistema: Sistema inicializado correctamente
2025-10-28 17:51:08,049 [INFO] SistemaFenomenologico: Iniciando flujo completo del sistema
2025-10-28 17:51:08,130 [ERROR] DiagnosticadorSistema: ✗ Error en ejecución del sistema: string indices must be integers, not 'str'
2025-10-28 17:51:08,133 [ERROR] DiagnosticadorSistema: Traceback (most recent call last):
  File "C:\Users\Public\#...Raíz Dasein\YO estructural\verificar.py", line 126, in ejecutar_sistema_principal
    resultado = sistema.procesar_flujo_completo('entrada_bruta')
  File "C:\Users\Public\#...Raíz Dasein\YO estructural\sistema_principal_v2.py", line 155, in procesar_flujo_completo
    preinstancias = self._generar_preinstancias_desde_analisis(analisis_textos)
  File "C:\Users\Public\#...Raíz Dasein\YO estructural\sistema_principal_v2.py", line 285, in _generar_preinstancias_desde_analisis
    for resultado in analisis_textos['resultados']:
                     ~~~~~~~~~~~~~~~^^^^^^^^^^^^^^
TypeError: string indices must be integers, not 'str'

2025-10-28 17:51:08,218 [DEBUG] neo4j.pool: [#0000]  _: <POOL> close
